  Collision.cpp
C:\Users\Azat\Documents\GitHub\Catch_them\Catch_them\Catch_them\setting.h(19,90): warning C4244: аргумент: преобразование "_Rep" в "unsigned int", возможна потеря данных
          with
          [
              _Rep=__int64
          ]
C:\Users\Azat\Documents\GitHub\Catch_them\Catch_them\Catch_them\setting.h(34,80): warning C4244: аргумент: преобразование "int" в "float", возможна потеря данных
C:\Users\Azat\Documents\GitHub\Catch_them\Catch_them\Catch_them\setting.h(34,53): warning C4244: аргумент: преобразование "int" в "float", возможна потеря данных
  Draw.cpp
C:\Users\Azat\Documents\GitHub\Catch_them\Catch_them\Catch_them\setting.h(19,90): warning C4244: аргумент: преобразование "_Rep" в "unsigned int", возможна потеря данных
          with
          [
              _Rep=__int64
          ]
C:\Users\Azat\Documents\GitHub\Catch_them\Catch_them\Catch_them\setting.h(34,80): warning C4244: аргумент: преобразование "int" в "float", возможна потеря данных
C:\Users\Azat\Documents\GitHub\Catch_them\Catch_them\Catch_them\setting.h(34,53): warning C4244: аргумент: преобразование "int" в "float", возможна потеря данных
  Object.cpp
C:\Users\Azat\Documents\GitHub\Catch_them\Catch_them\Catch_them\setting.h(19,90): warning C4244: аргумент: преобразование "_Rep" в "unsigned int", возможна потеря данных
          with
          [
              _Rep=__int64
          ]
C:\Users\Azat\Documents\GitHub\Catch_them\Catch_them\Catch_them\setting.h(34,80): warning C4244: аргумент: преобразование "int" в "float", возможна потеря данных
C:\Users\Azat\Documents\GitHub\Catch_them\Catch_them\Catch_them\setting.h(34,53): warning C4244: аргумент: преобразование "int" в "float", возможна потеря данных
  ObjectsRain.cpp
C:\Users\Azat\Documents\GitHub\Catch_them\Catch_them\Catch_them\setting.h(19,90): warning C4244: аргумент: преобразование "_Rep" в "unsigned int", возможна потеря данных
          with
          [
              _Rep=__int64
          ]
C:\Users\Azat\Documents\GitHub\Catch_them\Catch_them\Catch_them\setting.h(34,80): warning C4244: аргумент: преобразование "int" в "float", возможна потеря данных
C:\Users\Azat\Documents\GitHub\Catch_them\Catch_them\Catch_them\setting.h(34,53): warning C4244: аргумент: преобразование "int" в "float", возможна потеря данных
C:\Users\Azat\Documents\GitHub\Catch_them\Catch_them\Catch_them\ObjectsRain.cpp(30,23): warning C4244: аргумент: преобразование "int" в "float", возможна потеря данных
C:\Users\Azat\Documents\GitHub\Catch_them\Catch_them\Catch_them\ObjectsRain.cpp(37,55): warning C4244: аргумент: преобразование "unsigned __int64" в "float", возможна потеря данных
C:\Users\Azat\Documents\GitHub\Catch_them\Catch_them\Catch_them\ObjectsRain.cpp(38,32): warning C4244: аргумент: преобразование "T" в "float", возможна потеря данных
          with
          [
              T=int
          ]
C:\Users\Azat\Documents\GitHub\Catch_them\Catch_them\Catch_them\ObjectsRain.cpp(40,21): warning C4244: аргумент: преобразование "double" в "float", возможна потеря данных
C:\Users\Azat\Documents\GitHub\Catch_them\Catch_them\Catch_them\ObjectsRain.cpp(49,60): warning C4244: аргумент: преобразование "const T" в "float", возможна потеря данных
          with
          [
              T=int
          ]
C:\Users\Azat\Documents\GitHub\Catch_them\Catch_them\Catch_them\ObjectsRain.cpp(48,69): warning C4244: аргумент: преобразование "const T" в "float", возможна потеря данных
          with
          [
              T=int
          ]
C:\Users\Azat\Documents\GitHub\Catch_them\Catch_them\Catch_them\ObjectsRain.cpp(52,44): warning C4244: аргумент: преобразование "const T" в "float", возможна потеря данных
          with
          [
              T=int
          ]
C:\Users\Azat\Documents\GitHub\Catch_them\Catch_them\Catch_them\ObjectsRain.cpp(51,53): warning C4244: аргумент: преобразование "const T" в "float", возможна потеря данных
          with
          [
              T=int
          ]
  Player.cpp
C:\Users\Azat\Documents\GitHub\Catch_them\Catch_them\Catch_them\setting.h(19,90): warning C4244: аргумент: преобразование "_Rep" в "unsigned int", возможна потеря данных
          with
          [
              _Rep=__int64
          ]
C:\Users\Azat\Documents\GitHub\Catch_them\Catch_them\Catch_them\setting.h(34,80): warning C4244: аргумент: преобразование "int" в "float", возможна потеря данных
C:\Users\Azat\Documents\GitHub\Catch_them\Catch_them\Catch_them\setting.h(34,53): warning C4244: аргумент: преобразование "int" в "float", возможна потеря данных
  main.cpp
C:\Users\Azat\Documents\GitHub\Catch_them\Catch_them\Catch_them\setting.h(19,90): warning C4244: аргумент: преобразование "_Rep" в "unsigned int", возможна потеря данных
          with
          [
              _Rep=__int64
          ]
C:\Users\Azat\Documents\GitHub\Catch_them\Catch_them\Catch_them\setting.h(34,80): warning C4244: аргумент: преобразование "int" в "float", возможна потеря данных
C:\Users\Azat\Documents\GitHub\Catch_them\Catch_them\Catch_them\setting.h(34,53): warning C4244: аргумент: преобразование "int" в "float", возможна потеря данных
  Создание кода
  7 of 269 functions ( 2.6%) were compiled, the rest were copied from previous compilation.
    0 functions were new in current compilation
    0 functions had inline decision re-evaluated but remain unchanged
  Создание кода завершено
  Catch_them.vcxproj -> C:\Users\Azat\Documents\GitHub\Catch_them\Catch_them\x64\Release\Catch_them.exe
